<?xml version="1.0" encoding="UTF-8"?>
<testsuite name="com.apress.spring6recipes.bank.SimpleInterestCalculatorTests" tests="2" skipped="0" failures="0" errors="0" timestamp="2025-06-29T03:28:31" hostname="YOUNGK" time="0.017">
  <properties/>
  <testcase name="illegalCalculate()" classname="com.apress.spring6recipes.bank.SimpleInterestCalculatorTests" time="0.014"/>
  <testcase name="calculate()" classname="com.apress.spring6recipes.bank.SimpleInterestCalculatorTests" time="0.002"/>
  <system-out><![CDATA[]]></system-out>
  <system-err><![CDATA[]]></system-err>
</testsuite>
